2024-04-14 15:19:55,797 [MainThread  ] [INFO ] Logging started with level: INFO
2024-04-14 15:19:55,799 [MainThread  ] [INFO ] Pendulum-v1 experiment start with priors
2024-04-14 15:19:55,804 [MainThread  ] [INFO ] Total Reward -1668.5306205879856, X -0.9715148210525513, Last State [-9.7151482e-01 -2.3697883e-01 -6.4541942e-05]
2024-04-14 15:19:55,804 [MainThread  ] [INFO ] 
2024-04-14 15:19:55,808 [MainThread  ] [INFO ] Total Reward -1679.511498416202, X -0.9714900255203247, Last State [-9.7149003e-01 -2.3708045e-01 -7.6328404e-05]
2024-04-14 15:19:55,808 [MainThread  ] [INFO ] 
2024-04-14 15:19:55,808 [MainThread  ] [INFO ] Finish
2024-04-14 15:19:55,808 [MainThread  ] [INFO ] 
2024-04-14 15:19:55,813 [MainThread  ] [INFO ] Iteration 0
2024-04-14 15:19:55,813 [MainThread  ] [INFO ] Pendulum-v1 experiment start with Lambda 10.0
2024-04-14 15:19:55,813 [MainThread  ] [INFO ] Episode 0
2024-04-14 15:19:55,814 [MainThread  ] [INFO ] Replay Buffer 0
2024-04-14 15:19:55,814 [MainThread  ] [INFO ] 
2024-04-14 15:19:56,871 [MainThread  ] [INFO ] Total Reward -989.6446637979656, X -0.13340342044830322, Last State [-0.13340342 -0.9910618  -2.8652546 ], Lambda Mix 5.0
2024-04-14 15:19:56,872 [MainThread  ] [INFO ] 
2024-04-14 15:19:56,872 [MainThread  ] [INFO ] Episode 1
2024-04-14 15:19:56,872 [MainThread  ] [INFO ] Replay Buffer 200
2024-04-14 15:19:56,872 [MainThread  ] [INFO ] 
2024-04-14 15:19:57,897 [MainThread  ] [INFO ] Total Reward -1075.9750432227386, X -0.6166220903396606, Last State [-0.6166221   0.78725934 -2.9405673 ], Lambda Mix 5.0
2024-04-14 15:19:57,901 [MainThread  ] [INFO ] 
2024-04-14 15:19:57,901 [MainThread  ] [INFO ] Finish
2024-04-14 15:19:57,901 [MainThread  ] [INFO ] 
2024-04-14 15:19:57,901 [MainThread  ] [INFO ] Pendulum-v1 collection start with Lambda 5.0
2024-04-14 15:19:57,996 [MainThread  ] [INFO ] Total Reward -1589.491108158266, X -0.9787501096725464, Last State [-0.9787501  -0.20505668 -0.06228258]
2024-04-14 15:19:57,996 [MainThread  ] [INFO ] 
2024-04-14 15:19:57,996 [MainThread  ] [INFO ] Data labeling started with Lambda 5.0
2024-04-14 15:19:58,009 [MainThread  ] [INFO ] Optimizing controller
2024-04-14 15:20:36,065 [MainThread  ] [INFO ] Pendulum-v1 experiment start with priors
2024-04-14 15:20:36,069 [MainThread  ] [INFO ] Total Reward -1715.3608689101989, X -0.9793963432312012, Last State [-9.7939634e-01 -2.0194760e-01 -2.6345887e-04]
2024-04-14 15:20:36,069 [MainThread  ] [INFO ] 
2024-04-14 15:20:36,072 [MainThread  ] [INFO ] Total Reward -1255.3360979907034, X -0.808280885219574, Last State [-0.8082809  0.5887971  1.1686804]
2024-04-14 15:20:36,072 [MainThread  ] [INFO ] 
2024-04-14 15:20:36,072 [MainThread  ] [INFO ] Finish
2024-04-14 15:20:36,072 [MainThread  ] [INFO ] 
2024-04-14 15:20:36,072 [MainThread  ] [INFO ] Steering controller [[0.9199999999999999, 0.021548970157253478, 49.941600073618176], 0.002103506949375438, 0.0, 0.0]
